600 61 179700 0.4000000059604645 273 207
0 51
1 42
2 52
3 41
4 39
5 38
6 5
7 28
8 57
9 15
10 10
11 24
12 8
13 32
14 37
15 18
16 60
17 49
18 3
19 51
20 36
21 56
22 47
23 11
24 10
25 29
26 29
27 21
28 48
29 18
30 43
31 19
32 43
33 8
34 11
35 24
36 36
37 48
38 28
39 14
40 2
41 48
42 18
43 36
44 40
45 6
46 53
47 6
48 39
49 30
50 3
51 37
52 36
53 16
54 8
55 15
56 16
57 52
58 48
59 52
60 31
61 19
62 12
63 59
64 4
65 38
66 7
67 40
68 13
69 40
70 35
71 59
72 51
73 1
74 30
75 30
76 10
77 1
78 43
79 22
80 2
81 55
82 27
83 11
84 55
85 26
86 40
87 59
88 13
89 38
90 26
91 26
92 33
93 25
94 15
95 15
96 28
97 11
98 51
99 1
100 50
101 7
102 33
103 55
104 20
105 32
106 6
107 5
108 17
109 3
110 3
111 2
112 7
113 1
114 16
115 24
116 14
117 33
118 61
119 47
120 6
121 1
122 7
123 23
124 32
125 28
126 40
127 52
128 18
129 21
130 38
131 13
132 20
133 8
134 24
135 38
136 5
137 44
138 3
139 43
140 13
141 25
142 44
143 36
144 8
145 45
146 12
147 35
148 31
149 40
150 33
151 53
152 44
153 23
154 10
155 57
156 20
157 13
158 24
159 17
160 28
161 46
162 13
163 18
164 42
165 47
166 9
167 8
168 1
169 58
170 57
171 23
172 15
173 41
174 42
175 33
176 7
177 9
178 48
179 53
180 38
181 61
182 6
183 12
184 11
185 15
186 56
187 12
188 9
189 56
190 23
191 27
192 37
193 31
194 41
195 5
196 44
197 53
198 12
199 14
200 22
201 49
202 25
203 9
204 22
205 13
206 37
207 27
208 18
209 25
210 46
211 45
212 24
213 29
214 49
215 3
216 8
217 18
218 13
219 15
220 41
221 42
222 10
223 43
224 24
225 43
226 55
227 9
228 51
229 17
230 54
231 15
232 31
233 34
234 4
235 9
236 29
237 11
238 35
239 9
240 24
241 33
242 26
243 36
244 34
245 30
246 8
247 9
248 51
249 27
250 32
251 42
252 10
253 30
254 9
255 21
256 38
257 55
258 21
259 5
260 20
261 12
262 9
263 40
264 17
265 17
266 4
267 17
268 34
269 34
270 10
271 22
272 50
273 57
274 35
275 46
276 36
277 21
278 4
279 4
280 21
281 6
282 31
283 28
284 44
285 45
286 39
287 8
288 11
289 32
290 45
291 55
292 33
293 41
294 7
295 47
296 45
297 4
298 30
299 38
300 29
301 26
302 31
303 25
304 16
305 45
306 53
307 43
308 14
309 40
310 47
311 32
312 50
313 25
314 48
315 45
316 40
317 7
318 8
319 44
320 30
321 21
322 3
323 4
324 5
325 23
326 46
327 18
328 26
329 50
330 26
331 32
332 31
333 20
334 27
335 39
336 19
337 19
338 51
339 29
340 2
341 1
342 44
343 39
344 13
345 6
346 10
347 14
348 19
349 17
350 46
351 46
352 58
353 2
354 43
355 14
356 13
357 44
358 39
359 60
360 16
361 36
362 23
363 48
364 17
365 19
366 3
367 5
368 2
369 41
370 39
371 24
372 31
373 4
374 57
375 35
376 11
377 38
378 29
379 25
380 12
381 18
382 11
383 29
384 9
385 35
386 19
387 54
388 22
389 23
390 25
391 28
392 34
393 49
394 27
395 12
396 50
397 32
398 10
399 44
400 28
401 49
402 42
403 28
404 23
405 37
406 19
407 30
408 2
409 32
410 18
411 56
412 42
413 42
414 40
415 17
416 49
417 37
418 30
419 37
420 15
421 27
422 28
423 27
424 11
425 53
426 52
427 35
428 6
429 24
430 22
431 22
432 19
433 51
434 10
435 61
436 55
437 6
438 52
439 15
440 11
441 27
442 7
443 53
444 30
445 47
446 22
447 30
448 21
449 5
450 56
451 36
452 26
453 5
454 11
455 3
456 56
457 21
458 31
459 26
460 28
461 52
462 16
463 5
464 32
465 57
466 42
467 23
468 20
469 34
470 3
471 19
472 51
473 29
474 30
475 54
476 20
477 59
478 2
479 11
480 57
481 35
482 49
483 48
484 22
485 58
486 14
487 25
488 53
489 12
490 36
491 16
492 2
493 8
494 26
495 24
496 14
497 43
498 54
499 61
500 8
501 34
502 52
503 19
504 49
505 12
506 41
507 56
508 38
509 59
510 4
511 53
512 23
513 2
514 59
515 47
516 20
517 54
518 33
519 37
520 17
521 22
522 50
523 40
524 43
525 46
526 3
527 54
528 6
529 33
530 37
531 2
532 54
533 45
534 34
535 19
536 14
537 31
538 4
539 37
540 50
541 16
542 44
543 52
544 43
545 15
546 40
547 16
548 20
549 26
550 16
551 56
552 46
553 31
554 60
555 10
556 14
557 34
558 49
559 7
560 48
561 4
562 39
563 39
564 4
565 3
566 47
567 45
568 20
569 23
570 41
571 20
572 27
573 34
574 55
575 1
576 48
577 1
578 24
579 1
580 58
581 36
582 38
583 33
584 46
585 41
586 5
587 27
588 25
589 12
590 60
591 18
592 50
593 7
594 37
595 7
596 21
597 9
598 22
599 29
