1000 500 499500 0.7497477531433105 749 749
0 198
1 232
2 185
3 129
4 215
5 488
6 65
7 465
8 139
9 428
10 73
11 355
12 96
13 157
14 64
15 464
16 321
17 343
18 26
19 267
20 293
21 498
22 62
23 238
24 69
25 268
26 399
27 174
28 326
29 342
30 419
31 409
32 126
33 249
34 184
35 155
36 378
37 307
38 377
39 437
40 406
41 228
42 194
43 262
44 245
45 315
46 239
47 71
48 29
49 275
50 388
51 421
52 33
53 416
54 117
55 404
56 87
57 310
58 45
59 274
60 440
61 95
62 50
63 259
64 264
65 444
66 47
67 352
68 462
69 177
70 34
71 56
72 329
73 130
74 435
75 141
76 417
77 324
78 158
79 81
80 441
81 350
82 289
83 297
84 219
85 482
86 379
87 317
88 179
89 152
90 154
91 79
92 414
93 13
94 222
95 292
96 135
97 150
98 188
99 466
100 287
101 60
102 176
103 4
104 285
105 283
106 213
107 186
108 381
109 370
110 380
111 454
112 119
113 422
114 452
115 160
116 309
117 114
118 338
119 234
120 223
121 313
122 181
123 272
124 300
125 168
126 359
127 316
128 89
129 170
130 140
131 175
132 382
133 336
134 494
135 269
136 308
137 37
138 35
139 93
140 67
141 216
142 207
143 301
144 254
145 383
146 303
147 372
148 299
149 28
150 189
151 52
152 365
153 459
154 55
155 172
156 252
157 102
158 390
159 231
160 396
161 337
162 11
163 349
164 443
165 473
166 100
167 325
168 132
169 53
170 412
171 276
172 453
173 195
174 235
175 439
176 192
177 94
178 471
179 164
180 323
181 322
182 120
183 5
184 240
185 244
186 206
187 277
188 90
189 305
190 127
191 480
192 447
193 281
194 458
195 493
196 85
197 19
198 271
199 369
200 333
201 346
202 248
203 214
204 15
205 328
206 30
207 199
208 366
209 384
210 481
211 173
212 261
213 356
214 131
215 470
216 348
217 430
218 233
219 22
220 230
221 46
222 159
223 451
224 427
225 217
226 489
227 180
228 358
229 294
230 210
231 306
232 405
233 247
234 407
235 122
236 108
237 469
238 63
239 196
240 387
241 6
242 364
243 479
244 468
245 183
246 70
247 38
248 368
249 58
250 354
251 105
252 258
253 162
254 80
255 472
256 389
257 497
258 190
259 403
260 82
261 446
262 456
263 457
264 18
265 204
266 340
267 467
268 282
269 106
270 197
271 12
272 148
273 496
274 27
275 40
276 104
277 256
278 484
279 345
280 425
281 288
282 169
283 124
284 109
285 392
286 59
287 492
288 225
289 246
290 397
291 360
292 335
293 137
294 433
295 374
296 161
297 280
298 163
299 266
300 115
301 485
302 420
303 311
304 411
305 143
306 290
307 257
308 330
309 84
310 212
311 227
312 167
313 92
314 418
315 220
316 77
317 265
318 295
319 260
320 123
321 460
322 402
323 450
324 495
325 241
326 112
327 134
328 386
329 375
330 242
331 218
332 477
333 107
334 9
335 39
336 243
337 187
338 431
339 344
340 423
341 3
342 278
343 398
344 209
345 250
346 408
347 367
348 410
349 17
350 178
351 351
352 14
353 373
354 74
355 487
356 341
357 478
358 229
359 353
360 291
361 436
362 449
363 42
364 201
365 191
366 237
367 415
368 491
369 426
370 146
371 273
372 51
373 296
374 371
375 48
376 103
377 391
378 8
379 221
380 224
381 128
382 500
383 31
384 2
385 400
386 255
387 327
388 153
389 318
390 334
391 88
392 78
393 20
394 24
395 413
396 442
397 279
398 98
399 448
400 401
401 97
402 376
403 463
404 428
405 232
406 434
407 284
408 111
409 16
410 21
411 319
412 393
413 307
414 76
415 138
416 302
417 361
418 486
419 488
420 126
421 193
422 347
423 41
424 343
425 363
426 293
427 91
428 438
429 142
430 286
431 166
432 156
433 68
434 165
435 116
436 253
437 208
438 72
439 298
440 125
441 203
442 61
443 331
444 49
445 110
446 304
447 57
448 378
449 155
450 54
451 171
452 324
453 312
454 490
455 226
456 342
457 101
458 50
459 355
460 236
461 461
462 406
463 362
464 409
465 45
466 320
467 498
468 394
469 211
470 314
471 385
472 377
473 297
474 118
475 83
476 395
477 474
478 228
479 205
480 379
481 136
482 145
483 86
484 357
485 117
486 151
487 23
488 416
489 321
490 465
491 263
492 139
493 47
494 66
495 75
496 424
497 370
498 25
499 381
500 437
501 149
502 268
503 43
504 99
505 7
506 475
507 499
508 454
509 452
510 399
511 309
512 133
513 482
514 441
515 147
516 238
517 382
518 435
519 215
520 483
521 10
522 275
523 36
524 270
525 332
526 234
527 336
528 251
529 113
530 79
531 326
532 37
533 182
534 285
535 359
536 32
537 476
538 185
539 239
540 473
541 11
542 432
543 429
544 177
545 129
546 455
547 339
548 283
549 262
550 200
551 419
552 114
553 471
554 404
555 158
556 179
557 388
558 421
559 313
560 289
561 198
562 459
563 154
564 121
565 231
566 414
567 494
568 216
569 141
570 317
571 372
572 445
573 383
574 65
575 219
576 493
577 207
578 33
579 252
580 271
581 365
582 328
583 287
584 417
585 245
586 202
587 168
588 184
589 176
590 396
591 144
592 412
593 422
594 267
595 174
596 315
597 69
598 96
599 44
600 352
601 230
602 95
603 384
604 248
605 157
606 206
607 222
608 100
609 380
610 52
611 210
612 444
613 1
614 346
615 387
616 447
617 480
618 89
619 181
620 29
621 440
622 55
623 462
624 292
625 390
626 349
627 329
628 366
629 73
630 338
631 323
632 274
633 259
634 497
635 26
636 464
637 64
638 350
639 15
640 223
641 427
642 199
643 264
644 172
645 62
646 443
647 46
648 233
649 369
650 38
651 301
652 300
653 249
654 58
655 194
656 13
657 288
658 481
659 195
660 389
661 333
662 34
663 348
664 188
665 81
666 254
667 294
668 466
669 40
670 310
671 67
672 71
673 368
674 430
675 269
676 433
677 420
678 87
679 152
680 186
681 308
682 360
683 197
684 303
685 56
686 132
687 276
688 299
689 470
690 93
691 213
692 392
693 135
694 244
695 94
696 130
697 227
698 60
699 5
700 6
701 30
702 472
703 53
704 28
705 225
706 456
707 4
708 258
709 479
710 204
711 189
712 175
713 457
714 170
715 439
716 39
717 345
718 160
719 322
720 150
721 316
722 85
723 330
724 468
725 344
726 281
727 418
728 467
729 92
730 80
731 218
732 272
733 18
734 19
735 265
736 119
737 70
738 446
739 9
740 127
741 22
742 407
743 14
744 306
745 77
746 325
747 356
748 84
749 405
750 42
751 354
752 358
753 140
754 335
755 108
756 458
757 90
758 120
759 82
760 35
761 400
762 134
763 277
764 115
765 337
766 59
767 102
768 375
769 247
770 453
771 260
772 386
773 192
774 217
775 266
776 143
777 451
778 364
779 78
780 220
781 240
782 305
783 353
784 63
785 137
786 408
787 235
788 340
789 351
790 51
791 302
792 164
793 290
794 173
795 373
796 196
797 442
798 492
799 122
800 436
801 241
802 347
803 410
804 16
805 159
806 411
807 469
808 163
809 105
810 250
811 214
812 212
813 242
814 363
815 208
816 311
817 477
818 261
819 41
820 489
821 495
822 180
823 496
824 169
825 161
826 74
827 403
828 98
829 124
830 112
831 229
832 397
833 312
834 49
835 104
836 484
837 91
838 131
839 402
840 224
841 146
842 54
843 246
844 8
845 280
846 491
847 257
848 166
849 125
850 12
851 256
852 255
853 116
854 183
855 48
856 284
857 88
858 431
859 162
860 434
861 236
862 426
863 24
864 331
865 76
866 318
867 395
868 425
869 371
870 23
871 263
872 178
873 376
874 57
875 106
876 282
877 107
878 485
879 109
880 478
881 148
882 253
883 190
884 99
885 151
886 187
887 86
888 27
889 221
890 25
891 490
892 243
893 362
894 374
895 3
896 449
897 304
898 273
899 385
900 327
901 341
902 401
903 17
904 487
905 111
906 463
907 133
908 118
909 398
910 448
911 291
912 205
913 101
914 193
915 72
916 450
917 66
918 68
919 167
920 314
921 334
922 319
923 296
924 460
925 415
926 149
927 295
928 486
929 75
930 156
931 461
932 211
933 279
934 393
935 203
936 424
937 270
938 251
939 320
940 136
941 110
942 123
943 226
944 10
945 361
946 438
947 209
948 476
949 237
950 298
951 201
952 423
953 278
954 171
955 97
956 391
957 394
958 367
959 455
960 103
961 61
962 332
963 474
964 147
965 31
966 429
967 182
968 432
969 21
970 202
971 20
972 142
973 128
974 286
975 43
976 413
977 339
978 44
979 191
980 165
981 83
982 36
983 445
984 32
985 138
986 144
987 153
988 200
989 357
990 121
991 2
992 475
993 113
994 145
995 499
996 7
997 483
998 1
999 1
