1000 335 499500 0.5014994740486145 0 0
0 66
1 252
2 220
3 257
4 141
5 39
6 213
7 218
8 190
9 6
10 264
11 162
12 54
13 91
14 327
15 183
16 35
17 158
18 168
19 248
20 270
21 50
22 38
23 118
24 109
25 291
26 238
27 145
28 110
29 245
30 46
31 268
32 19
33 120
34 70
35 253
36 280
37 64
38 261
39 83
40 133
41 12
42 170
43 262
44 71
45 13
46 68
47 244
48 293
49 3
50 165
51 250
52 304
53 256
54 25
55 102
56 199
57 30
58 65
59 269
60 321
61 140
62 153
63 90
64 179
65 93
66 322
67 236
68 97
69 79
70 302
71 28
72 45
73 87
74 209
75 292
76 191
77 85
78 174
79 67
80 266
81 309
82 146
83 55
84 197
85 182
86 157
87 294
88 240
89 89
90 178
91 285
92 198
93 131
94 115
95 114
96 173
97 69
98 217
99 132
100 40
101 180
102 107
103 80
104 57
105 155
106 175
107 44
108 23
109 211
110 121
111 188
112 63
113 311
114 258
115 306
116 305
117 108
118 84
119 312
120 99
121 59
122 138
123 4
124 277
125 147
126 135
127 75
128 255
129 241
130 243
131 226
132 47
133 169
134 94
135 148
136 92
137 37
138 134
139 78
140 22
141 234
142 171
143 122
144 160
145 123
146 318
147 62
148 271
149 34
150 88
151 27
152 8
153 126
154 156
155 308
156 251
157 21
158 232
159 206
160 144
161 125
162 154
163 143
164 267
165 278
166 265
167 36
168 187
169 82
170 290
171 299
172 323
173 43
174 281
175 7
176 223
177 130
178 229
179 152
180 195
181 106
182 81
183 329
184 330
185 14
186 49
187 58
188 230
189 288
190 203
191 51
192 60
193 26
194 5
195 164
196 159
197 214
198 163
199 184
200 225
201 208
202 296
203 216
204 200
205 334
206 86
207 98
208 77
209 161
210 181
211 176
212 74
213 205
214 15
215 317
216 41
217 242
218 127
219 228
220 167
221 239
222 202
223 42
224 31
225 96
226 263
227 201
228 166
229 254
230 328
231 16
232 72
233 100
234 287
235 303
236 52
237 237
238 150
239 283
240 119
241 316
242 73
243 204
244 300
245 105
246 95
247 193
248 210
249 112
250 310
251 129
252 48
253 186
254 249
255 2
256 307
257 192
258 189
259 113
260 117
261 103
262 56
263 220
264 257
265 9
266 1
267 141
268 151
269 172
270 54
271 272
272 177
273 227
274 332
275 314
276 221
277 326
278 215
279 183
280 286
281 124
282 24
283 29
284 282
285 325
286 11
287 158
288 128
289 247
290 185
291 284
292 101
293 111
294 190
295 133
296 213
297 136
298 64
299 110
300 38
301 61
302 68
303 3
304 149
305 25
306 194
307 298
308 293
309 145
310 70
311 295
312 91
313 120
314 280
315 252
316 142
317 10
318 118
319 18
320 218
321 165
322 324
323 245
324 87
325 79
326 83
327 273
328 140
329 260
330 137
331 168
332 222
333 116
334 67
335 261
336 259
337 297
338 139
339 268
340 244
341 174
342 207
343 182
344 331
345 246
346 109
347 19
348 313
349 89
350 199
351 13
352 132
353 46
354 107
355 248
356 320
357 209
358 279
359 20
360 327
361 170
362 146
363 33
364 212
365 76
366 30
367 258
368 57
369 71
370 309
371 235
372 217
373 90
374 253
375 275
376 157
377 99
378 17
379 277
380 131
381 32
382 196
383 291
384 155
385 135
386 85
387 28
388 35
389 274
390 219
391 162
392 44
393 180
394 262
395 23
396 266
397 147
398 292
399 188
400 250
401 269
402 114
403 226
404 241
405 169
406 148
407 243
408 231
409 156
410 102
411 104
412 153
413 154
414 240
415 224
416 45
417 308
418 270
419 22
420 276
421 122
422 138
423 12
424 278
425 306
426 39
427 315
428 319
429 289
430 78
431 123
432 233
433 69
434 264
435 255
436 323
437 281
438 206
439 234
440 160
441 330
442 115
443 143
444 53
445 26
446 92
447 6
448 195
449 333
450 285
451 211
452 299
453 318
454 301
455 94
456 65
457 312
458 108
459 75
460 130
461 50
462 40
463 81
464 225
465 7
466 216
467 179
468 238
469 322
470 66
471 106
472 34
473 152
474 175
475 121
476 55
477 14
478 58
479 93
480 47
481 8
482 184
483 125
484 31
485 242
486 232
487 187
488 256
489 134
490 191
491 164
492 267
493 178
494 198
495 5
496 304
497 167
498 223
499 197
500 265
501 251
502 302
503 144
504 37
505 296
506 100
507 283
508 119
509 335
510 82
511 208
512 201
513 159
514 59
515 249
516 271
517 43
518 161
519 103
520 254
521 311
522 228
523 204
524 229
525 237
526 60
527 126
528 205
529 49
530 151
531 54
532 230
533 305
534 150
535 63
536 141
537 112
538 24
539 72
540 332
541 294
542 166
543 210
544 4
545 257
546 221
547 192
548 97
549 328
550 282
551 158
552 113
553 181
554 190
555 236
556 290
557 128
558 314
559 133
560 16
561 247
562 272
563 307
564 120
565 286
566 74
567 321
568 325
569 88
570 263
571 203
572 329
573 295
574 110
575 2
576 239
577 77
578 56
579 84
580 260
581 298
582 317
583 171
584 288
585 310
586 51
587 173
588 87
589 3
590 67
591 168
592 80
593 172
594 207
595 139
596 142
597 300
598 334
599 15
600 98
601 222
602 252
603 124
604 109
605 200
606 186
607 11
608 324
609 118
610 202
611 95
612 273
613 137
614 182
615 145
616 287
617 20
618 185
619 212
620 62
621 279
622 235
623 268
624 111
625 27
626 246
627 261
628 86
629 46
630 96
631 36
632 117
633 105
634 313
635 136
636 176
637 194
638 214
639 52
640 196
641 174
642 18
643 219
644 129
645 157
646 326
647 42
648 41
649 21
650 32
651 275
652 297
653 44
654 303
655 29
656 116
657 30
658 17
659 99
660 162
661 127
662 331
663 38
664 71
665 33
666 189
667 245
668 104
669 218
670 316
671 64
672 68
673 76
674 253
675 149
676 327
677 39
678 35
679 61
680 165
681 215
682 183
683 57
684 10
685 155
686 163
687 154
688 224
689 48
690 193
691 140
692 180
693 284
694 233
695 319
696 289
697 91
698 259
699 315
700 199
701 227
702 146
703 274
704 45
705 107
706 293
707 101
708 177
709 9
710 220
711 301
712 12
713 280
714 53
715 102
716 1
717 188
718 123
719 206
720 73
721 153
722 79
723 231
724 225
725 160
726 211
727 320
728 75
729 6
730 81
731 285
732 270
733 264
734 132
735 138
736 213
737 330
738 309
739 276
740 66
741 121
742 156
743 94
744 34
745 78
746 248
747 291
748 240
749 40
750 304
751 13
752 333
753 244
754 14
755 292
756 83
757 302
758 322
759 197
760 238
761 50
762 148
763 281
764 187
765 208
766 65
767 19
768 131
769 70
770 82
771 103
772 143
773 269
774 28
775 55
776 26
777 175
778 198
779 170
780 283
781 47
782 191
783 92
784 278
785 262
786 58
787 250
788 134
789 323
790 22
791 115
792 169
793 89
794 147
795 93
796 167
797 90
798 114
799 242
800 237
801 256
802 25
803 179
804 37
805 277
806 243
807 97
808 85
809 8
810 266
811 271
812 16
813 294
814 210
815 236
816 312
817 296
818 49
819 152
820 31
821 59
822 4
823 209
824 108
825 226
826 126
827 23
828 60
829 135
830 251
831 84
832 325
833 63
834 5
835 318
836 267
837 178
838 69
839 171
840 311
841 263
842 51
843 173
844 288
845 260
846 258
847 217
848 207
849 306
850 201
851 80
852 305
853 24
854 223
855 286
856 282
857 241
858 254
859 247
860 255
861 290
862 205
863 181
864 192
865 7
866 232
867 43
868 273
869 222
870 229
871 113
872 202
873 234
874 112
875 317
876 122
877 27
878 125
879 62
880 164
881 15
882 239
883 300
884 235
885 308
886 98
887 106
888 212
889 329
890 185
891 144
892 96
893 176
894 88
895 100
896 314
897 216
898 221
899 74
900 18
901 36
902 310
903 21
904 214
905 186
906 195
907 72
908 297
909 203
910 159
911 299
912 275
913 204
914 265
915 272
916 279
917 228
918 11
919 184
920 313
921 287
922 77
923 295
924 130
925 116
926 303
927 139
928 196
929 230
930 41
931 149
932 105
933 219
934 127
935 246
936 124
937 249
938 104
939 52
940 136
941 331
942 298
943 163
944 95
945 284
946 328
947 86
948 233
949 224
950 56
951 151
952 200
953 215
954 111
955 10
956 289
957 161
958 194
959 32
960 101
961 48
962 274
963 193
964 20
965 42
966 61
967 326
968 137
969 17
970 119
971 319
972 301
973 172
974 166
975 307
976 33
977 259
978 316
979 76
980 324
981 53
982 129
983 73
984 150
985 231
986 189
987 142
988 320
989 315
990 177
991 227
992 128
993 276
994 9
995 117
996 29
997 2
998 1
999 1
