1000 334 499500 0.49949750304222107 499 499
0 57
1 183
2 22
3 110
4 316
5 85
6 233
7 64
8 261
9 178
10 313
11 36
12 266
13 290
14 88
15 125
16 122
17 228
18 211
19 254
20 177
21 138
22 144
23 163
24 41
25 208
26 48
27 72
28 201
29 225
30 148
31 174
32 273
33 280
34 112
35 259
36 132
37 269
38 308
39 222
40 216
41 301
42 180
43 21
44 82
45 170
46 91
47 118
48 172
49 35
50 149
51 140
52 146
53 39
54 237
55 1
56 117
57 65
58 231
59 44
60 81
61 167
62 52
63 173
64 227
65 239
66 240
67 90
68 300
69 126
70 27
71 46
72 135
73 278
74 285
75 94
76 79
77 100
78 198
79 175
80 234
81 241
82 93
83 4
84 297
85 106
86 62
87 54
88 271
89 298
90 129
91 235
92 92
93 250
94 188
95 37
96 5
97 102
98 260
99 256
100 107
101 220
102 189
103 131
104 274
105 276
106 246
107 153
108 304
109 302
110 147
111 267
112 232
113 80
114 159
115 193
116 265
117 184
118 7
119 279
120 217
121 319
122 133
123 226
124 186
125 161
126 205
127 165
128 121
129 49
130 20
131 262
132 137
133 318
134 95
135 154
136 75
137 214
138 51
139 200
140 325
141 192
142 40
143 74
144 219
145 229
146 50
147 294
148 244
149 281
150 230
151 108
152 194
153 56
154 275
155 162
156 152
157 30
158 324
159 326
160 25
161 289
162 296
163 264
164 86
165 8
166 87
167 141
168 252
169 9
170 331
171 242
172 130
173 243
174 105
175 258
176 197
177 104
178 166
179 139
180 257
181 32
182 332
183 286
184 145
185 67
186 213
187 119
188 185
189 59
190 288
191 330
192 312
193 195
194 314
195 270
196 103
197 156
198 277
199 136
200 333
201 38
202 76
203 209
204 63
205 17
206 287
207 168
208 6
209 306
210 292
211 115
212 169
213 309
214 34
215 202
216 187
217 328
218 212
219 45
220 196
221 284
222 109
223 317
224 10
225 305
226 66
227 236
228 204
229 128
230 3
231 283
232 134
233 253
234 247
235 245
236 123
237 203
238 28
239 272
240 291
241 310
242 42
243 171
244 268
245 179
246 320
247 181
248 263
249 182
250 248
251 255
252 78
253 101
254 68
255 61
256 116
257 113
258 251
259 150
260 164
261 55
262 293
263 89
264 282
265 97
266 313
267 176
268 151
269 199
270 14
271 18
272 13
273 11
274 266
275 114
276 58
277 120
278 208
279 215
280 225
281 125
282 148
283 53
284 299
285 157
286 23
287 322
288 269
289 98
290 233
291 142
292 77
293 180
294 47
295 238
296 224
297 334
298 273
299 223
300 83
301 174
302 24
303 323
304 261
305 60
306 69
307 99
308 132
309 111
310 307
311 33
312 143
313 191
314 31
315 149
316 290
317 71
318 44
319 227
320 52
321 122
322 117
323 231
324 26
325 158
326 206
327 249
328 177
329 207
330 84
331 259
332 100
333 29
334 285
335 48
336 280
337 198
338 127
339 216
340 155
341 222
342 218
343 4
344 321
345 118
346 201
347 54
348 88
349 140
350 188
351 39
352 221
353 19
354 160
355 43
356 112
357 146
358 276
359 73
360 228
361 220
362 295
363 107
364 46
365 81
366 300
367 241
368 62
369 12
370 190
371 106
372 167
373 72
374 329
375 265
376 57
377 163
378 217
379 102
380 138
381 205
382 137
383 41
384 124
385 82
386 90
387 85
388 303
389 36
390 131
391 278
392 325
393 279
394 173
395 126
396 2
397 315
398 211
399 262
400 110
401 210
402 318
403 70
404 147
405 234
406 96
407 232
408 144
409 65
410 165
411 15
412 316
413 250
414 230
415 170
416 91
417 7
418 226
419 254
420 244
421 121
422 5
423 246
424 271
425 1
426 94
427 16
428 327
429 20
430 304
431 186
432 162
433 129
434 257
435 172
436 229
437 197
438 133
439 194
440 200
441 35
442 22
443 95
444 119
445 161
446 92
447 286
448 8
449 311
450 9
451 294
452 27
453 75
454 302
455 145
456 219
457 326
458 141
459 301
460 21
461 51
462 330
463 192
464 168
465 298
466 319
467 130
468 64
469 93
470 288
471 193
472 178
473 331
474 235
475 256
476 6
477 240
478 10
479 87
480 189
481 183
482 283
483 202
484 281
485 275
486 317
487 243
488 308
489 63
490 309
491 134
492 289
493 109
494 195
495 179
496 253
497 67
498 79
499 74
500 159
501 42
502 59
503 284
504 50
505 153
506 270
507 154
508 267
509 296
510 203
511 274
512 80
513 68
514 312
515 61
516 104
517 209
518 251
519 30
520 324
521 287
522 14
523 236
524 213
525 314
526 182
527 297
528 260
529 268
530 114
531 123
532 237
533 313
534 277
535 239
536 116
537 23
538 3
539 135
540 322
541 196
542 175
543 328
544 320
545 247
546 86
547 40
548 306
549 32
550 45
551 333
552 215
553 258
554 89
555 76
556 78
557 69
558 223
559 252
560 115
561 157
562 83
563 180
564 292
565 18
566 66
567 299
568 77
569 25
570 38
571 214
572 181
573 199
574 224
575 149
576 56
577 37
578 108
579 152
580 305
581 128
582 290
583 282
584 34
585 84
586 177
587 184
588 291
589 28
590 99
591 264
592 105
593 323
594 150
595 310
596 100
597 187
598 158
599 174
600 71
601 55
602 60
603 218
604 332
605 293
606 11
607 263
608 31
609 19
610 248
611 33
612 242
613 204
614 73
615 148
616 49
617 272
618 127
619 26
620 125
621 176
622 167
623 101
624 46
625 112
626 307
627 122
628 300
629 57
630 143
631 88
632 207
633 221
634 249
635 261
636 54
637 137
638 29
639 98
640 139
641 39
642 136
643 185
644 171
645 142
646 117
647 53
648 111
649 156
650 17
651 160
652 166
653 138
654 82
655 295
656 238
657 234
658 206
659 155
660 280
661 266
662 241
663 276
664 269
665 278
666 91
667 96
668 315
669 47
670 52
671 12
672 262
673 65
674 97
675 43
676 1
677 132
678 62
679 151
680 103
681 334
682 2
683 303
684 90
685 15
686 327
687 70
688 191
689 120
690 285
691 124
692 222
693 271
694 169
695 210
696 164
697 304
698 44
699 7
700 48
701 246
702 13
703 279
704 35
705 165
706 107
707 16
708 113
709 36
710 311
711 58
712 9
713 212
714 85
715 172
716 245
717 41
718 329
719 190
720 227
721 131
722 319
723 265
724 93
725 170
726 126
727 5
728 211
729 273
730 244
731 72
732 22
733 64
734 254
735 163
736 178
737 220
738 110
739 316
740 24
741 233
742 255
743 217
744 228
745 75
746 161
747 92
748 183
749 250
750 51
751 330
752 144
753 240
754 133
755 146
756 208
757 4
758 42
759 216
760 129
761 21
762 201
763 257
764 308
765 140
766 193
767 198
768 274
769 74
770 94
771 153
772 225
773 95
774 294
775 50
776 14
777 109
778 259
779 194
780 104
781 298
782 321
783 188
784 121
785 159
786 106
787 301
788 226
789 162
790 237
791 23
792 87
793 326
794 229
795 135
796 118
797 114
798 27
799 79
800 189
801 202
802 186
803 230
804 325
805 231
806 209
807 81
808 239
809 69
810 318
811 173
812 203
813 68
814 40
815 287
816 270
817 59
818 63
819 30
820 297
821 175
822 312
823 38
824 119
825 256
826 214
827 56
828 147
829 61
830 232
831 288
832 102
833 286
834 275
835 116
836 18
837 80
838 260
839 235
840 108
841 200
842 37
843 89
844 105
845 296
846 20
847 310
848 34
849 130
850 289
851 32
852 331
853 215
854 123
855 267
856 309
857 306
858 224
859 302
860 184
861 141
862 154
863 55
864 145
865 252
866 49
867 253
868 25
869 258
870 192
871 205
872 3
873 322
874 8
875 242
876 219
877 197
878 218
879 152
880 150
881 314
882 282
883 168
884 19
885 127
886 284
887 86
888 272
889 98
890 293
891 26
892 305
893 277
894 115
895 139
896 11
897 281
898 324
899 66
900 99
901 236
902 323
903 268
904 31
905 166
906 76
907 264
908 247
909 53
910 136
911 185
912 156
913 238
914 6
915 71
916 45
917 67
918 206
919 248
920 243
921 157
922 195
923 332
924 97
925 292
926 213
927 158
928 221
929 160
930 101
931 187
932 307
933 47
934 78
935 295
936 151
937 207
938 320
939 328
940 77
941 103
942 17
943 283
944 182
945 210
946 291
947 179
948 10
949 317
950 169
951 12
952 128
953 315
954 96
955 223
956 204
957 60
958 196
959 124
960 249
961 120
962 311
963 134
964 212
965 299
966 245
967 58
968 329
969 73
970 84
971 327
972 2
973 164
974 113
975 176
976 142
977 303
978 16
979 181
980 13
981 171
982 190
983 28
984 251
985 143
986 29
987 155
988 15
989 33
990 263
991 111
992 24
993 70
994 43
995 255
996 199
997 191
998 83
999 83
