600 95 179700 0.6000000238418579 397 316
0 33
1 3
2 5
3 38
4 50
5 6
6 9
7 78
8 37
9 53
10 31
11 26
12 67
13 15
14 5
15 24
16 21
17 53
18 79
19 30
20 93
21 19
22 59
23 88
24 58
25 92
26 73
27 11
28 61
29 46
30 67
31 91
32 52
33 55
34 54
35 27
36 64
37 47
38 64
39 52
40 8
41 28
42 71
43 27
44 87
45 78
46 10
47 46
48 53
49 21
50 69
51 2
52 52
53 36
54 87
55 48
56 80
57 61
58 24
59 8
60 39
61 28
62 16
63 41
64 15
65 51
66 24
67 85
68 94
69 50
70 76
71 15
72 19
73 2
74 57
75 10
76 25
77 42
78 17
79 28
80 26
81 67
82 18
83 18
84 4
85 61
86 69
87 90
88 3
89 41
90 77
91 38
92 25
93 19
94 32
95 39
96 64
97 25
98 41
99 47
100 54
101 16
102 29
103 13
104 64
105 4
106 6
107 3
108 43
109 70
110 2
111 13
112 5
113 30
114 19
115 46
116 33
117 21
118 28
119 50
120 82
121 14
122 11
123 74
124 69
125 12
126 13
127 4
128 49
129 90
130 45
131 58
132 55
133 62
134 33
135 50
136 59
137 17
138 86
139 19
140 26
141 49
142 57
143 73
144 52
145 84
146 51
147 45
148 84
149 81
150 20
151 34
152 6
153 33
154 28
155 44
156 27
157 14
158 27
159 61
160 36
161 43
162 24
163 2
164 71
165 83
166 45
167 58
168 87
169 11
170 71
171 43
172 7
173 7
174 63
175 7
176 75
177 65
178 43
179 88
180 82
181 42
182 47
183 7
184 60
185 9
186 53
187 34
188 47
189 23
190 86
191 63
192 87
193 37
194 87
195 13
196 44
197 89
198 22
199 31
200 35
201 10
202 29
203 33
204 82
205 63
206 5
207 54
208 91
209 1
210 5
211 55
212 22
213 78
214 8
215 29
216 66
217 31
218 29
219 62
220 14
221 92
222 30
223 48
224 18
225 48
226 79
227 40
228 81
229 35
230 56
231 47
232 73
233 68
234 7
235 93
236 36
237 62
238 65
239 71
240 83
241 94
242 15
243 63
244 37
245 51
246 45
247 76
248 32
249 32
250 86
251 60
252 77
253 32
254 40
255 89
256 17
257 41
258 48
259 74
260 10
261 79
262 78
263 21
264 7
265 41
266 39
267 84
268 79
269 37
270 21
271 20
272 12
273 62
274 90
275 52
276 42
277 14
278 32
279 70
280 68
281 6
282 59
283 50
284 78
285 38
286 26
287 34
288 9
289 74
290 12
291 81
292 8
293 43
294 25
295 57
296 37
297 27
298 21
299 20
300 83
301 62
302 34
303 17
304 54
305 46
306 85
307 26
308 18
309 75
310 20
311 49
312 8
313 22
314 54
315 14
316 51
317 58
318 57
319 3
320 36
321 27
322 24
323 81
324 23
325 42
326 20
327 19
328 75
329 83
330 30
331 46
332 21
333 36
334 65
335 65
336 30
337 6
338 51
339 88
340 73
341 55
342 69
343 28
344 15
345 63
346 29
347 47
348 34
349 10
350 64
351 51
352 33
353 89
354 74
355 38
356 66
357 25
358 46
359 12
360 18
361 41
362 20
363 94
364 73
365 20
366 61
367 91
368 12
369 1
370 44
371 39
372 72
373 16
374 81
375 47
376 77
377 65
378 43
379 59
380 40
381 42
382 14
383 31
384 69
385 53
386 75
387 74
388 40
389 73
390 60
391 77
392 82
393 16
394 18
395 43
396 22
397 38
398 11
399 11
400 36
401 23
402 21
403 31
404 30
405 1
406 40
407 59
408 25
409 47
410 19
411 56
412 11
413 52
414 50
415 25
416 72
417 50
418 4
419 39
420 8
421 86
422 44
423 29
424 35
425 23
426 71
427 24
428 13
429 40
430 13
431 92
432 48
433 17
434 77
435 84
436 52
437 37
438 35
439 2
440 32
441 85
442 4
443 83
444 28
445 90
446 38
447 23
448 76
449 70
450 67
451 3
452 29
453 66
454 68
455 86
456 72
457 26
458 89
459 28
460 13
461 1
462 21
463 62
464 56
465 68
466 22
467 91
468 85
469 46
470 1
471 78
472 27
473 80
474 15
475 30
476 79
477 20
478 53
479 73
480 12
481 14
482 60
483 20
484 86
485 58
486 85
487 4
488 36
489 69
490 17
491 31
492 55
493 44
494 61
495 3
496 85
497 53
498 92
499 42
500 11
501 78
502 60
503 19
504 67
505 34
506 80
507 60
508 17
509 72
510 63
511 56
512 16
513 9
514 14
515 45
516 35
517 70
518 45
519 10
520 89
521 57
522 58
523 92
524 49
525 56
526 64
527 80
528 75
529 37
530 2
531 3
532 49
533 49
534 70
535 68
536 3
537 32
538 77
539 59
540 29
541 77
542 68
543 45
544 15
545 9
546 12
547 67
548 11
549 64
550 76
551 2
552 80
553 56
554 2
555 88
556 35
557 66
558 24
559 80
560 1
561 49
562 48
563 49
564 16
565 95
566 84
567 61
568 5
569 54
570 23
571 13
572 40
573 18
574 88
575 55
576 66
577 70
578 56
579 5
580 37
581 59
582 13
583 8
584 16
585 30
586 93
587 6
588 48
589 66
590 63
591 75
592 32
593 19
594 35
595 6
596 72
597 39
598 79
599 45
