600 100 179700 0.6000000238418579 397 316
0 69
1 95
2 79
3 77
4 12
5 89
6 89
7 4
8 58
9 51
10 73
11 84
12 21
13 87
14 68
15 52
16 86
17 36
18 7
19 21
20 7
21 5
22 46
23 2
24 20
25 14
26 13
27 68
28 13
29 61
30 38
31 3
32 65
33 50
34 63
35 62
36 27
37 11
38 43
39 61
40 90
41 62
42 27
43 80
44 18
45 22
46 6
47 47
48 51
49 34
50 12
51 98
52 40
53 27
54 9
55 34
56 33
57 50
58 29
59 49
60 71
61 50
62 9
63 57
64 92
65 1
66 47
67 20
68 4
69 22
70 38
71 96
72 83
73 98
74 55
75 87
76 37
77 72
78 92
79 75
80 11
81 43
82 89
83 81
84 19
85 41
86 12
87 11
88 99
89 60
90 9
91 80
92 65
93 73
94 37
95 72
96 38
97 37
98 32
99 48
100 55
101 83
102 83
103 74
104 35
105 94
106 73
107 26
108 53
109 4
110 82
111 82
112 99
113 44
114 74
115 48
116 39
117 29
118 49
119 43
120 21
121 93
122 59
123 19
124 51
125 90
126 85
127 91
128 68
129 10
130 42
131 52
132 52
133 48
134 81
135 44
136 32
137 79
138 17
139 47
140 73
141 29
142 19
143 31
144 14
145 24
146 20
147 19
148 8
149 20
150 16
151 69
152 55
153 79
154 33
155 25
156 49
157 88
158 62
159 39
160 70
161 57
162 64
163 22
164 40
165 26
166 4
167 56
168 18
169 13
170 47
171 56
172 59
173 76
174 49
175 35
176 16
177 40
178 44
179 15
180 31
181 53
182 9
183 87
184 10
185 91
186 44
187 18
188 71
189 41
190 2
191 47
192 7
193 22
194 18
195 82
196 55
197 4
198 66
199 74
200 79
201 62
202 10
203 14
204 27
205 42
206 1
207 23
208 6
209 78
210 79
211 54
212 77
213 6
214 91
215 26
216 51
217 13
218 56
219 50
220 95
221 3
222 66
223 62
224 40
225 11
226 7
227 75
228 31
229 54
230 35
231 8
232 36
233 15
234 93
235 12
236 66
237 9
238 37
239 28
240 24
241 9
242 69
243 6
244 77
245 1
246 12
247 29
248 5
249 60
250 23
251 21
252 24
253 53
254 68
255 10
256 86
257 59
258 27
259 35
260 88
261 33
262 37
263 46
264 99
265 78
266 34
267 2
268 4
269 21
270 6
271 16
272 94
273 5
274 1
275 20
276 64
277 59
278 54
279 14
280 15
281 38
282 5
283 25
284 16
285 30
286 76
287 41
288 88
289 39
290 62
291 20
292 8
293 58
294 73
295 58
296 22
297 86
298 68
299 85
300 25
301 18
302 83
303 88
304 29
305 35
306 31
307 82
308 61
309 36
310 1
311 57
312 38
313 59
314 58
315 65
316 62
317 30
318 8
319 3
320 33
321 50
322 79
323 13
324 67
325 51
326 85
327 83
328 41
329 24
330 80
331 57
332 3
333 10
334 28
335 46
336 70
337 98
338 23
339 11
340 43
341 3
342 30
343 34
344 72
345 17
346 26
347 46
348 48
349 50
350 41
351 63
352 34
353 19
354 22
355 4
356 35
357 84
358 48
359 45
360 89
361 68
362 87
363 5
364 2
365 46
366 57
367 17
368 81
369 75
370 75
371 73
372 11
373 71
374 12
375 9
376 17
377 52
378 12
379 39
380 64
381 70
382 78
383 74
384 42
385 32
386 29
387 25
388 26
389 36
390 55
391 17
392 21
393 97
394 81
395 55
396 43
397 70
398 96
399 90
400 76
401 60
402 86
403 71
404 23
405 92
406 30
407 40
408 84
409 28
410 74
411 55
412 67
413 43
414 31
415 37
416 34
417 60
418 47
419 53
420 92
421 14
422 62
423 85
424 72
425 54
426 44
427 88
428 5
429 41
430 3
431 9
432 66
433 67
434 23
435 1
436 61
437 16
438 63
439 63
440 38
441 4
442 64
443 17
444 77
445 7
446 26
447 8
448 12
449 15
450 39
451 40
452 26
453 49
454 23
455 2
456 42
457 72
458 15
459 2
460 27
461 78
462 14
463 53
464 20
465 29
466 25
467 8
468 18
469 60
470 93
471 32
472 66
473 21
474 34
475 35
476 26
477 56
478 3
479 32
480 45
481 39
482 18
483 16
484 23
485 51
486 17
487 64
488 52
489 44
490 57
491 63
492 27
493 50
494 30
495 87
496 28
497 28
498 8
499 14
500 90
501 20
502 45
503 15
504 31
505 69
506 16
507 49
508 35
509 22
510 46
511 21
512 31
513 76
514 65
515 28
516 59
517 27
518 71
519 94
520 15
521 58
522 56
523 8
524 64
525 30
526 36
527 30
528 13
529 37
530 42
531 100
532 36
533 45
534 41
535 48
536 41
537 80
538 1
539 10
540 76
541 24
542 3
543 67
544 74
545 72
546 42
547 11
548 97
549 49
550 38
551 38
552 6
553 36
554 5
555 25
556 82
557 11
558 51
559 24
560 77
561 67
562 64
563 33
564 49
565 6
566 25
567 39
568 95
569 60
570 70
571 37
572 28
573 69
574 7
575 52
576 45
577 19
578 43
579 84
580 61
581 54
582 7
583 92
584 91
585 32
586 10
587 97
588 65
589 45
590 13
591 33
592 80
593 1
594 2
595 44
596 30
597 63
598 2
599 66
