600 192 179700 0.8999999761581421 559 515
0 100
1 109
2 64
3 36
4 25
5 145
6 136
7 60
8 76
9 46
10 147
11 132
12 38
13 12
14 113
15 28
16 163
17 189
18 151
19 150
20 72
21 154
22 122
23 102
24 152
25 14
26 155
27 191
28 157
29 83
30 89
31 141
32 88
33 78
34 95
35 22
36 161
37 158
38 153
39 16
40 145
41 135
42 99
43 179
44 128
45 6
46 1
47 27
48 183
49 45
50 17
51 158
52 174
53 10
54 157
55 133
56 153
57 84
58 102
59 169
60 116
61 140
62 122
63 152
64 156
65 139
66 29
67 13
68 55
69 39
70 9
71 60
72 134
73 144
74 177
75 79
76 56
77 149
78 168
79 164
80 5
81 31
82 56
83 182
84 54
85 27
86 34
87 150
88 138
89 173
90 59
91 126
92 12
93 2
94 86
95 44
96 53
97 121
98 43
99 20
100 66
101 15
102 114
103 104
104 169
105 57
106 74
107 167
108 120
109 165
110 182
111 87
112 22
113 72
114 52
115 16
116 37
117 46
118 158
119 33
120 36
121 152
122 131
123 119
124 132
125 154
126 77
127 68
128 147
129 75
130 96
131 115
132 80
133 69
134 30
135 35
136 144
137 173
138 9
139 115
140 4
141 155
142 20
143 41
144 70
145 67
146 67
147 58
148 112
149 116
150 172
151 106
152 84
153 35
154 20
155 106
156 70
157 137
158 51
159 53
160 27
161 43
162 5
163 156
164 80
165 143
166 142
167 75
168 76
169 136
170 163
171 6
172 8
173 26
174 45
175 177
176 148
177 50
178 31
179 91
180 192
181 93
182 123
183 62
184 123
185 175
186 182
187 136
188 100
189 92
190 133
191 37
192 107
193 129
194 159
195 49
196 40
197 101
198 46
199 24
200 90
201 113
202 77
203 55
204 118
205 61
206 62
207 97
208 63
209 99
210 176
211 106
212 71
213 61
214 18
215 95
216 177
217 163
218 115
219 5
220 31
221 162
222 131
223 74
224 106
225 93
226 86
227 41
228 109
229 87
230 6
231 159
232 158
233 97
234 66
235 162
236 124
237 25
238 21
239 101
240 175
241 115
242 148
243 113
244 51
245 92
246 173
247 38
248 138
249 17
250 170
251 81
252 139
253 29
254 124
255 99
256 120
257 61
258 185
259 149
260 80
261 154
262 108
263 174
264 1
265 83
266 113
267 87
268 58
269 107
270 102
271 17
272 59
273 89
274 103
275 129
276 112
277 174
278 183
279 170
280 8
281 98
282 39
283 32
284 55
285 65
286 93
287 180
288 167
289 147
290 1
291 160
292 30
293 184
294 32
295 91
296 110
297 34
298 143
299 82
300 146
301 164
302 40
303 70
304 84
305 83
306 10
307 167
308 42
309 134
310 156
311 68
312 67
313 23
314 23
315 181
316 63
317 129
318 133
319 125
320 129
321 41
322 11
323 68
324 154
325 185
326 94
327 48
328 21
329 141
330 13
331 110
332 96
333 22
334 121
335 55
336 126
337 44
338 89
339 18
340 117
341 34
342 45
343 36
344 105
345 172
346 179
347 3
348 78
349 47
350 104
351 75
352 135
353 78
354 85
355 117
356 23
357 188
358 139
359 120
360 29
361 79
362 6
363 161
364 15
365 103
366 62
367 35
368 117
369 18
370 123
371 126
372 44
373 103
374 141
375 59
376 41
377 52
378 30
379 53
380 105
381 69
382 168
383 165
384 40
385 172
386 15
387 114
388 73
389 171
390 108
391 105
392 140
393 187
394 49
395 148
396 145
397 13
398 146
399 69
400 76
401 130
402 54
403 137
404 188
405 78
406 96
407 118
408 167
409 108
410 150
411 151
412 66
413 83
414 176
415 71
416 54
417 125
418 24
419 16
420 128
421 14
422 10
423 26
424 24
425 114
426 24
427 138
428 16
429 162
430 2
431 119
432 157
433 29
434 4
435 155
436 58
437 27
438 190
439 142
440 92
441 130
442 30
443 46
444 7
445 74
446 178
447 73
448 11
449 94
450 166
451 82
452 18
453 99
454 63
455 184
456 86
457 132
458 181
459 8
460 79
461 91
462 9
463 12
464 180
465 54
466 111
467 33
468 137
469 60
470 127
471 81
472 4
473 98
474 48
475 64
476 186
477 19
478 42
479 48
480 68
481 65
482 187
483 77
484 32
485 143
486 62
487 149
488 73
489 160
490 139
491 119
492 93
493 37
494 21
495 100
496 190
497 175
498 47
499 183
500 121
501 146
502 11
503 127
504 190
505 57
506 125
507 127
508 13
509 19
510 109
511 171
512 122
513 159
514 128
515 26
516 90
517 165
518 166
519 86
520 140
521 128
522 85
523 118
524 119
525 61
526 94
527 72
528 97
529 135
530 3
531 7
532 188
533 104
534 39
535 88
536 178
537 5
538 12
539 49
540 107
541 85
542 130
543 7
544 156
545 85
546 28
547 82
548 64
549 50
550 112
551 47
552 95
553 110
554 25
555 74
556 56
557 111
558 171
559 133
560 131
561 57
562 3
563 42
564 169
565 90
566 161
567 97
568 28
569 98
570 81
571 151
572 153
573 67
574 33
575 186
576 166
577 19
578 43
579 144
580 111
581 38
582 122
583 137
584 116
585 153
586 50
587 88
588 95
589 52
590 191
591 165
592 101
593 14
594 51
595 185
596 142
597 65
598 71
599 2
