1000 500 5 0.7497477477477478 0 0
0 89
1 376
2 183
3 295
4 319
5 378
6 181
7 124
8 264
9 43
10 425
11 391
12 240
13 302
14 33
15 317
16 65
17 228
18 127
19 449
20 47
21 167
22 157
23 442
24 136
25 153
26 469
27 80
28 315
29 441
30 154
31 82
32 320
33 177
34 385
35 101
36 321
37 458
38 463
39 358
40 296
41 56
42 343
43 451
44 366
45 99
46 374
47 176
48 200
49 186
50 288
51 21
52 421
53 318
54 467
55 26
56 371
57 219
58 3
59 306
60 370
61 49
62 23
63 399
64 209
65 172
66 168
67 221
68 372
69 364
70 423
71 129
72 247
73 326
74 491
75 466
76 298
77 452
78 137
79 2
80 432
81 28
82 48
83 58
84 59
85 403
86 211
87 341
88 41
89 72
90 300
91 312
92 394
93 173
94 75
95 348
96 178
97 309
98 187
99 477
100 231
101 174
102 39
103 190
104 55
105 160
106 45
107 259
108 304
109 324
110 402
111 164
112 119
113 329
114 485
115 470
116 417
117 238
118 212
119 484
120 210
121 120
122 226
123 412
124 54
125 420
126 18
127 416
128 34
129 263
130 118
131 239
132 419
133 10
134 31
135 273
136 335
137 11
138 57
139 253
140 162
141 289
142 6
143 331
144 286
145 87
146 110
147 103
148 443
149 405
150 495
151 426
152 115
153 198
154 134
155 105
156 51
157 367
158 207
159 276
160 409
161 16
162 407
163 141
164 60
165 415
166 305
167 462
168 15
169 195
170 428
171 121
172 233
173 252
174 350
175 36
176 434
177 464
178 106
179 204
180 27
181 114
182 396
183 108
184 486
185 270
186 299
187 272
188 457
189 40
190 71
191 145
192 274
193 265
194 476
195 131
196 142
197 62
198 13
199 347
200 435
201 122
202 297
203 482
204 20
205 455
206 35
207 188
208 379
209 361
210 267
211 277
212 474
213 346
214 257
215 437
216 448
217 234
218 67
219 5
220 268
221 132
222 445
223 262
224 352
225 139
226 7
227 279
228 389
229 459
230 68
231 191
232 63
233 345
234 356
235 171
236 144
237 30
238 328
239 220
240 400
241 214
242 490
243 310
244 76
245 73
246 413
247 363
248 85
249 280
250 22
251 193
252 454
253 203
254 301
255 50
256 8
257 215
258 95
259 208
260 354
261 292
262 489
263 109
264 161
265 166
266 24
267 293
268 303
269 152
270 351
271 313
272 185
273 151
274 84
275 340
276 383
277 422
278 473
279 17
280 438
281 429
282 406
283 92
284 393
285 338
286 182
287 333
288 46
289 294
290 218
291 487
292 146
293 97
294 456
295 336
296 479
297 311
298 201
299 362
300 230
301 492
302 365
303 229
304 93
305 323
306 175
307 327
308 285
309 246
310 184
311 499
312 307
313 223
314 111
315 123
316 227
317 446
318 42
319 4
320 496
321 316
322 472
323 189
324 38
325 447
326 256
327 397
328 325
329 411
330 398
331 444
332 202
333 375
334 150
335 237
336 245
337 149
338 37
339 83
340 494
341 498
342 130
343 197
344 155
345 159
346 275
347 332
348 206
349 32
350 384
351 91
352 192
353 424
354 344
355 53
356 439
357 388
358 480
359 94
360 135
361 308
362 287
363 143
364 116
365 410
366 102
367 12
368 251
369 244
370 66
371 70
372 468
373 392
374 260
375 453
376 255
377 465
378 88
379 319
380 330
381 52
382 44
383 408
384 284
385 254
386 360
387 353
388 1
389 475
390 373
391 224
392 386
393 497
394 180
395 156
396 112
397 104
398 194
399 14
400 124
401 282
402 357
403 181
404 126
405 179
406 81
407 47
408 269
409 19
410 449
411 461
412 493
413 250
414 213
415 74
416 205
417 481
418 78
419 358
420 450
421 427
422 79
423 355
424 377
425 176
426 86
427 140
428 433
429 381
430 138
431 169
432 380
433 425
434 33
435 177
436 401
437 136
438 359
439 281
440 451
441 421
442 133
443 248
444 378
445 349
446 89
447 414
448 382
449 56
450 147
451 128
452 117
453 440
454 43
455 478
456 372
457 28
458 29
459 2
460 315
461 458
462 337
463 107
464 314
465 271
466 483
467 306
468 199
469 217
470 342
471 23
472 291
473 469
474 61
475 225
476 283
477 113
478 170
479 64
480 322
481 158
482 339
483 418
484 242
485 441
486 241
487 436
488 55
489 423
490 371
491 211
492 374
493 21
494 430
495 9
496 298
497 318
498 296
499 235
500 369
501 243
502 216
503 163
504 210
505 387
506 3
507 484
508 69
509 463
510 343
511 165
512 10
513 236
514 228
515 263
516 196
517 442
518 90
519 264
520 127
521 432
522 431
523 249
524 98
525 110
526 238
527 261
528 25
529 335
530 54
531 266
532 77
533 119
534 200
535 320
536 258
537 485
538 65
539 467
540 488
541 226
542 366
543 334
544 100
545 460
546 253
547 278
548 368
549 183
550 404
551 302
552 222
553 115
554 96
555 350
556 58
557 125
558 153
559 305
560 312
561 45
562 452
563 26
564 219
565 154
566 471
567 75
568 72
569 34
570 309
571 348
572 290
573 49
574 108
575 142
576 120
577 370
578 341
579 129
580 148
581 209
582 419
583 259
584 131
585 347
586 48
587 221
588 141
589 395
590 31
591 137
592 390
593 157
594 277
595 437
596 212
597 402
598 376
599 286
600 491
601 232
602 317
603 477
604 16
605 459
606 80
607 247
608 364
609 59
610 409
611 144
612 288
613 412
614 321
615 101
616 265
617 99
618 346
619 274
620 240
621 231
622 495
623 295
624 167
625 204
626 420
627 391
628 233
629 262
630 490
631 345
632 114
633 403
634 134
635 186
636 41
637 85
638 304
639 407
640 299
641 466
642 5
643 303
644 39
645 198
646 239
647 122
648 195
649 328
650 145
651 257
652 385
653 329
654 356
655 82
656 172
657 152
658 208
659 272
660 438
661 280
662 476
663 399
664 121
665 300
666 457
667 60
668 234
669 326
670 361
671 486
672 268
673 207
674 182
675 187
676 168
677 313
678 139
679 97
680 84
681 294
682 220
683 190
684 7
685 118
686 311
687 470
688 435
689 417
690 297
691 323
692 252
693 87
694 324
695 173
696 289
697 18
698 105
699 301
700 42
701 464
702 499
703 273
704 307
705 6
706 383
707 164
708 327
709 489
710 310
711 331
712 160
713 394
714 443
715 405
716 276
717 178
718 57
719 473
720 416
721 492
722 174
723 130
724 95
725 73
726 11
727 426
728 166
729 379
730 50
731 256
732 482
733 227
734 92
735 434
736 332
737 83
738 51
739 351
740 237
741 150
742 17
743 188
744 162
745 103
746 462
747 367
748 111
749 175
750 468
751 67
752 91
753 448
754 447
755 4
756 446
757 106
758 352
759 472
760 287
761 254
762 15
763 36
764 27
765 155
766 456
767 71
768 214
769 415
770 94
771 76
772 270
773 494
774 171
775 292
776 30
777 62
778 444
779 35
780 363
781 455
782 184
783 38
784 20
785 251
786 40
787 487
788 428
789 13
790 282
791 439
792 400
793 480
794 284
795 81
796 191
797 180
798 424
799 161
800 246
801 126
802 413
803 135
804 408
805 308
806 396
807 377
808 197
809 422
810 474
811 213
812 215
813 269
814 102
815 93
816 203
817 1
818 151
819 338
820 86
821 245
822 132
823 354
824 333
825 267
826 325
827 109
828 63
829 330
830 8
831 159
832 230
833 382
834 250
835 32
836 133
837 104
838 479
839 401
840 386
841 336
842 78
843 445
844 229
845 123
846 497
847 389
848 140
849 279
850 293
851 202
852 393
853 112
854 68
855 206
856 22
857 244
858 70
859 433
860 189
861 440
862 450
863 454
864 498
865 193
866 384
867 411
868 201
869 381
870 271
871 44
872 283
873 340
874 429
875 185
876 179
877 406
878 24
879 146
880 398
881 224
882 475
883 9
884 116
885 369
886 149
887 199
888 61
889 107
890 493
891 243
892 322
893 113
894 218
895 375
896 156
897 496
898 483
899 64
900 12
901 53
902 355
903 285
904 461
905 205
906 388
907 46
908 365
909 291
910 281
911 362
912 236
913 235
914 165
915 397
916 248
917 316
918 79
919 380
920 192
921 266
922 217
923 427
924 52
925 453
926 359
927 222
928 430
929 74
930 223
931 69
932 225
933 37
934 349
935 14
936 147
937 216
938 77
939 128
940 275
941 337
942 339
943 170
944 436
945 488
946 373
947 143
948 471
949 255
950 163
951 88
952 478
953 90
954 392
955 290
956 117
957 410
958 19
959 465
960 278
961 418
962 342
963 360
964 194
965 460
966 395
967 357
968 138
969 344
970 390
971 258
972 260
973 404
974 241
975 387
976 148
977 249
978 158
979 66
980 98
981 242
982 100
983 96
984 414
985 431
986 261
987 500
988 314
989 169
990 334
991 232
992 125
993 481
994 353
995 29
996 25
997 368
998 196
999 196
