1000 334 499500 0.49949750304222107 499 499
0 281
1 45
2 76
3 59
4 163
5 254
6 184
7 36
8 143
9 299
10 214
11 120
12 331
13 130
14 285
15 169
16 108
17 192
18 242
19 329
20 52
21 317
22 272
23 55
24 310
25 149
26 211
27 245
28 298
29 91
30 8
31 212
32 177
33 296
34 286
35 16
36 99
37 275
38 83
39 121
40 159
41 96
42 15
43 283
44 276
45 95
46 303
47 247
48 175
49 151
50 123
51 239
52 75
53 71
54 82
55 265
56 197
57 133
58 231
59 63
60 236
61 255
62 67
63 162
64 174
65 131
66 4
67 25
68 205
69 10
70 3
71 2
72 237
73 217
74 24
75 327
76 13
77 157
78 301
79 54
80 260
81 100
82 147
83 27
84 199
85 280
86 50
87 73
88 228
89 115
90 114
91 196
92 251
93 312
94 28
95 304
96 103
97 156
98 288
99 207
100 263
101 116
102 300
103 125
104 330
105 306
106 307
107 40
108 314
109 225
110 48
111 179
112 328
113 142
114 70
115 189
116 295
117 324
118 39
119 176
120 44
121 268
122 80
123 107
124 313
125 190
126 113
127 321
128 200
129 127
130 30
131 72
132 126
133 278
134 94
135 187
136 208
137 58
138 152
139 201
140 209
141 21
142 46
143 119
144 243
145 31
146 136
147 160
148 134
149 297
150 221
151 250
152 178
153 234
154 17
155 111
156 92
157 61
158 198
159 29
160 128
161 210
162 166
163 144
164 153
165 238
166 165
167 233
168 68
169 140
170 109
171 226
172 305
173 102
174 294
175 277
176 56
177 1
178 171
179 164
180 34
181 6
182 93
183 106
184 183
185 81
186 129
187 266
188 284
189 69
190 154
191 223
192 22
193 117
194 333
195 311
196 224
197 87
198 322
199 193
200 323
201 257
202 32
203 57
204 141
205 320
206 215
207 227
208 168
209 248
210 309
211 43
212 202
213 19
214 173
215 270
216 213
217 138
218 148
219 273
220 332
221 84
222 47
223 194
224 219
225 315
226 135
227 316
228 78
229 220
230 167
231 90
232 122
233 89
234 137
235 35
236 271
237 155
238 318
239 180
240 259
241 7
242 182
243 246
244 185
245 188
246 23
247 18
248 124
249 146
250 101
251 326
252 308
253 150
254 88
255 53
256 112
257 256
258 104
259 26
260 98
261 38
262 261
263 97
264 181
265 172
266 41
267 145
268 267
269 108
270 184
271 132
272 302
273 289
274 204
275 244
276 203
277 282
278 110
279 211
280 214
281 170
282 62
283 310
284 130
285 118
286 229
287 292
288 161
289 216
290 74
291 77
292 121
293 317
294 298
295 95
296 12
297 218
298 20
299 76
300 158
301 235
302 45
303 192
304 331
305 163
306 85
307 254
308 133
309 212
310 75
311 51
312 206
313 120
314 143
315 55
316 86
317 265
318 11
319 197
320 287
321 241
322 91
323 262
324 319
325 105
326 274
327 60
328 240
329 303
330 2
331 14
332 253
333 10
334 83
335 175
336 279
337 65
338 286
339 199
340 9
341 147
342 16
343 325
344 174
345 3
346 42
347 151
348 293
349 329
350 251
351 99
352 169
353 37
354 217
355 222
356 33
357 312
358 291
359 330
360 296
361 191
362 247
363 114
364 79
365 299
366 195
367 295
368 54
369 52
370 27
371 268
372 13
373 96
374 24
375 70
376 8
377 28
378 290
379 304
380 131
381 25
382 260
383 189
384 307
385 64
386 281
387 230
388 232
389 179
390 127
391 116
392 126
393 119
394 149
395 176
396 31
397 278
398 46
399 139
400 103
401 134
402 186
403 250
404 142
405 208
406 196
407 245
408 258
409 162
410 160
411 225
412 92
413 321
414 5
415 125
416 239
417 165
418 153
419 159
420 334
421 313
422 128
423 61
424 255
425 49
426 285
427 71
428 177
429 272
430 140
431 264
432 263
433 6
434 297
435 243
436 233
437 15
438 249
439 228
440 50
441 269
442 36
443 209
444 136
445 93
446 117
447 164
448 266
449 63
450 123
451 252
452 21
453 17
454 144
455 171
456 82
457 59
458 73
459 306
460 257
461 283
462 207
463 152
464 224
465 87
466 156
467 328
468 111
469 66
470 157
471 58
472 275
473 115
474 237
475 154
476 34
477 226
478 248
479 314
480 129
481 138
482 288
483 194
484 80
485 72
486 332
487 242
488 1
489 284
490 106
491 205
492 309
493 84
494 223
495 30
496 220
497 29
498 300
499 259
500 141
501 273
502 231
503 137
504 327
505 173
506 69
507 22
508 102
509 185
510 280
511 81
512 271
513 18
514 316
515 193
516 324
517 172
518 155
519 215
520 4
521 210
522 40
523 234
524 7
525 113
526 112
527 221
528 270
529 67
530 294
531 107
532 90
533 124
534 200
535 238
536 276
537 181
538 38
539 236
540 146
541 122
542 244
543 74
544 135
545 202
546 305
547 216
548 39
549 204
550 282
551 277
552 326
553 98
554 148
555 301
556 315
557 320
558 190
559 100
560 56
561 85
562 311
563 170
564 12
565 32
566 150
567 101
568 35
569 317
570 178
571 302
572 241
573 292
574 219
575 11
576 229
577 227
578 132
579 287
580 254
581 68
582 55
583 48
584 78
585 240
586 274
587 19
588 89
589 235
590 130
591 323
592 77
593 163
594 279
595 166
596 187
597 308
598 199
599 161
600 110
601 44
602 60
603 86
604 167
605 105
606 318
607 26
608 133
609 331
610 267
611 198
612 293
613 45
614 322
615 222
616 213
617 201
618 95
619 47
620 9
621 158
622 253
623 118
624 268
625 114
626 43
627 175
628 94
629 183
630 51
631 289
632 143
633 319
634 203
635 329
636 120
637 298
638 325
639 147
640 312
641 188
642 145
643 256
644 230
645 290
646 108
647 53
648 54
649 195
650 116
651 57
652 103
653 41
654 286
655 33
656 119
657 262
658 258
659 46
660 62
661 109
662 65
663 180
664 52
665 176
666 295
667 104
668 79
669 42
670 31
671 70
672 232
673 281
674 96
675 333
676 182
677 246
678 126
679 149
680 5
681 61
682 261
683 2
684 139
685 186
686 91
687 264
688 239
689 142
690 121
691 64
692 212
693 20
694 211
695 88
696 125
697 168
698 269
699 164
700 169
701 291
702 184
703 245
704 179
705 49
706 36
707 252
708 297
709 247
710 75
711 14
712 321
713 191
714 27
715 218
716 97
717 21
718 206
719 162
720 272
721 174
722 214
723 334
724 17
725 37
726 76
727 99
728 156
729 66
730 192
731 177
732 307
733 111
734 138
735 23
736 8
737 285
738 242
739 59
740 314
741 159
742 304
743 330
744 157
745 299
746 28
747 25
748 3
749 205
750 237
751 275
752 225
753 115
754 310
755 123
756 263
757 92
758 136
759 140
760 16
761 296
762 137
763 303
764 72
765 128
766 83
767 134
768 84
769 63
770 196
771 102
772 4
773 151
774 217
775 172
776 81
777 283
778 73
779 224
780 50
781 15
782 228
783 288
784 197
785 165
786 69
787 93
788 260
789 131
790 276
791 82
792 306
793 58
794 30
795 67
796 226
797 34
798 10
799 265
800 71
801 152
802 113
803 236
804 90
805 221
806 231
807 208
808 107
809 324
810 56
811 255
812 301
813 87
814 146
815 243
816 18
817 300
818 24
819 144
820 13
821 178
822 74
823 215
824 154
825 238
826 280
827 129
828 100
829 294
830 251
831 32
832 170
833 11
834 7
835 150
836 135
837 207
838 171
839 40
840 210
841 248
842 68
843 328
844 48
845 127
846 313
847 39
848 153
849 277
850 187
851 80
852 148
853 44
854 106
855 219
856 189
857 241
858 292
859 77
860 173
861 305
862 200
863 155
864 19
865 190
866 274
867 166
868 293
869 35
870 124
871 250
872 47
873 78
874 132
875 240
876 311
877 253
878 316
879 234
880 94
881 278
882 141
883 160
884 315
885 122
886 223
887 279
888 213
889 201
890 209
891 287
892 51
893 29
894 43
895 167
896 257
897 198
898 302
899 289
900 230
901 222
902 323
903 309
904 273
905 308
906 322
907 38
908 325
909 332
910 12
911 89
912 105
913 258
914 109
915 26
916 101
917 233
918 22
919 9
920 98
921 60
922 118
923 1
924 6
925 319
926 62
927 183
928 204
929 112
930 246
931 256
932 193
933 235
934 266
935 182
936 318
937 284
938 158
939 270
940 57
941 117
942 261
943 227
944 195
945 244
946 249
947 290
948 139
949 282
950 110
951 320
952 5
953 267
954 202
955 220
956 168
957 194
958 104
959 259
960 145
961 65
962 252
963 14
964 64
965 188
966 191
967 41
968 180
969 216
970 53
971 49
972 79
973 185
974 42
975 86
976 271
977 97
978 186
979 20
980 66
981 88
982 203
983 206
984 264
985 232
986 161
987 269
988 23
989 326
990 37
991 33
992 229
993 85
994 291
995 181
996 262
997 218
998 334
999 334
