1000 334 499500 0.49949750304222107 499 499
0 237
1 326
2 42
3 81
4 317
5 265
6 94
7 282
8 118
9 324
10 236
11 6
12 133
13 225
14 151
15 238
16 177
17 86
18 61
19 256
20 60
21 82
22 321
23 199
24 279
25 207
26 134
27 249
28 11
29 54
30 254
31 27
32 16
33 269
34 290
35 65
36 128
37 271
38 172
39 111
40 56
41 130
42 196
43 84
44 83
45 171
46 57
47 147
48 9
49 286
50 110
51 95
52 28
53 332
54 4
55 150
56 136
57 112
58 114
59 52
60 33
61 318
62 287
63 319
64 234
65 275
66 140
67 154
68 116
69 248
70 71
71 270
72 64
73 226
74 334
75 91
76 258
77 240
78 213
79 55
80 185
81 87
82 123
83 167
84 261
85 158
86 299
87 97
88 98
89 257
90 148
91 77
92 304
93 179
94 328
95 129
96 51
97 252
98 289
99 69
100 101
101 37
102 159
103 103
104 29
105 44
106 263
107 315
108 21
109 220
110 108
111 20
112 235
113 58
114 284
115 250
116 266
117 292
118 229
119 132
120 62
121 283
122 206
123 156
124 49
125 122
126 230
127 208
128 187
129 89
130 93
131 262
132 145
133 121
134 323
135 39
136 228
137 3
138 302
139 31
140 152
141 96
142 305
143 41
144 135
145 126
146 202
147 291
148 272
149 72
150 46
151 14
152 102
153 221
154 125
155 273
156 47
157 22
158 297
159 109
160 184
161 313
162 8
163 214
164 274
165 168
166 333
167 211
168 165
169 209
170 232
171 106
172 131
173 143
174 66
175 186
176 191
177 76
178 314
179 24
180 40
181 242
182 85
183 276
184 180
185 176
186 253
187 36
188 53
189 68
190 243
191 164
192 149
193 166
194 19
195 127
196 73
197 329
198 15
199 162
200 264
201 38
202 92
203 223
204 119
205 99
206 12
207 100
208 124
209 197
210 285
211 146
212 170
213 280
214 331
215 216
216 67
217 63
218 247
219 218
220 144
221 231
222 327
223 115
224 142
225 26
226 30
227 320
228 88
229 194
230 293
231 163
232 2
233 244
234 155
235 23
236 107
237 200
238 138
239 306
240 281
241 157
242 181
243 217
244 141
245 322
246 137
247 215
248 300
249 10
250 117
251 70
252 35
253 32
254 233
255 260
256 192
257 7
258 81
259 189
260 160
261 173
262 59
263 42
264 201
265 175
266 105
267 224
268 310
269 219
270 151
271 205
272 282
273 188
274 113
275 311
276 45
277 193
278 118
279 18
280 86
281 195
282 294
283 288
284 225
285 267
286 48
287 321
288 308
289 301
290 133
291 279
292 34
293 130
294 43
295 307
296 238
297 239
298 79
299 183
300 27
301 61
302 210
303 199
304 251
305 110
306 277
307 74
308 50
309 65
310 104
311 178
312 207
313 82
314 78
315 52
316 4
317 177
318 182
319 312
320 303
321 295
322 256
323 241
324 259
325 286
326 332
327 172
328 150
329 94
330 171
331 134
332 204
333 28
334 203
335 254
336 212
337 174
338 261
339 80
340 54
341 299
342 13
343 60
344 57
345 129
346 227
347 98
348 246
349 222
350 123
351 25
352 298
353 87
354 249
355 198
356 317
357 167
358 185
359 9
360 51
361 271
362 33
363 128
364 252
365 319
366 290
367 69
368 315
369 120
370 324
371 229
372 17
373 56
374 245
375 220
376 75
377 325
378 5
379 270
380 44
381 330
382 283
383 64
384 6
385 39
386 148
387 84
388 234
389 21
390 309
391 292
392 122
393 316
394 11
395 55
396 49
397 334
398 226
399 250
400 111
401 284
402 213
403 206
404 318
405 305
406 114
407 304
408 3
409 37
410 190
411 296
412 275
413 46
414 125
415 278
416 101
417 102
418 8
419 72
420 71
421 248
422 255
423 221
424 328
425 302
426 126
427 169
428 268
429 47
430 287
431 179
432 136
433 139
434 242
435 161
436 186
437 153
438 265
439 214
440 187
441 243
442 269
443 176
444 121
445 96
446 108
447 240
448 257
449 162
450 73
451 168
452 76
453 228
454 276
455 38
456 258
457 83
458 263
459 289
460 92
461 291
462 166
463 90
464 93
465 12
466 58
467 170
468 280
469 29
470 147
471 154
472 152
473 40
474 285
475 14
476 237
477 230
478 62
479 116
480 232
481 329
482 26
483 89
484 326
485 253
486 20
487 163
488 95
489 208
490 297
491 196
492 1
493 41
494 184
495 19
496 191
497 235
498 281
499 236
500 10
501 165
502 300
503 112
504 91
505 320
506 35
507 24
508 217
509 189
510 218
511 180
512 145
513 103
514 63
515 266
516 59
517 202
518 224
519 124
520 144
521 233
522 310
523 131
524 197
525 16
526 155
527 85
528 262
529 209
530 2
531 247
532 274
533 173
534 18
535 273
536 215
537 264
538 205
539 77
540 288
541 333
542 7
543 138
544 192
545 181
546 160
547 105
548 158
549 117
550 34
551 88
552 140
553 195
554 159
555 22
556 294
557 74
558 183
559 132
560 151
561 277
562 308
563 267
564 306
565 106
566 178
567 223
568 225
569 211
570 86
571 43
572 30
573 260
574 97
575 327
576 244
577 256
578 323
579 143
580 79
581 279
582 251
583 15
584 70
585 219
586 239
587 295
588 115
589 4
590 301
591 312
592 241
593 149
594 216
595 331
596 66
597 156
598 311
599 212
600 31
601 194
602 134
603 164
604 127
605 135
606 13
607 141
608 99
609 282
610 254
611 322
612 271
613 109
614 222
615 107
616 249
617 129
618 130
619 193
620 45
621 57
622 293
623 313
624 231
625 307
626 332
627 210
628 171
629 238
630 259
631 150
632 119
633 104
634 182
635 198
636 204
637 50
638 325
639 203
640 68
641 174
642 98
643 227
644 245
645 261
646 175
647 272
648 201
649 128
650 55
651 270
652 21
653 53
654 11
655 283
656 157
657 199
658 314
659 188
660 190
661 27
662 110
663 75
664 100
665 36
666 278
667 220
668 250
669 137
670 146
671 200
672 167
673 275
674 148
675 118
676 172
677 23
678 169
679 126
680 268
681 142
682 39
683 255
684 28
685 61
686 54
687 309
688 5
689 316
690 153
691 113
692 265
693 296
694 48
695 94
696 161
697 25
698 67
699 246
700 287
701 317
702 80
703 187
704 81
705 234
706 284
707 324
708 82
709 229
710 298
711 139
712 330
713 120
714 83
715 321
716 60
717 52
718 65
719 32
720 303
721 42
722 240
723 51
724 154
725 17
726 147
727 207
728 29
729 206
730 214
731 78
732 237
733 90
734 269
735 133
736 114
737 26
738 258
739 257
740 248
741 196
742 177
743 292
744 125
745 297
746 289
747 1
748 208
749 84
750 102
751 41
752 111
753 101
754 19
755 71
756 176
757 96
758 35
759 6
760 3
761 123
762 230
763 235
764 318
765 179
766 218
767 56
768 202
769 217
770 213
771 319
772 69
773 95
774 165
775 184
776 290
777 221
778 242
779 121
780 16
781 9
782 328
783 136
784 122
785 329
786 263
787 62
788 224
789 226
790 33
791 286
792 103
793 20
794 38
795 112
796 170
797 310
798 185
799 87
800 47
801 144
802 215
803 228
804 34
805 124
806 108
807 266
808 140
809 294
810 14
811 333
812 205
813 158
814 132
815 116
816 273
817 145
818 64
819 159
820 91
821 232
822 299
823 281
824 315
825 178
826 262
827 77
828 195
829 252
830 46
831 244
832 89
833 97
834 243
835 223
836 304
837 219
838 49
839 131
840 308
841 37
842 305
843 274
844 186
845 58
846 211
847 312
848 24
849 30
850 251
851 216
852 209
853 117
854 44
855 197
856 239
857 331
858 40
859 323
860 106
861 311
862 156
863 180
864 295
865 43
866 327
867 253
868 302
869 135
870 10
871 31
872 45
873 79
874 241
875 93
876 293
877 181
878 76
879 212
880 210
881 109
882 291
883 233
884 22
885 173
886 66
887 168
888 15
889 152
890 307
891 313
892 92
893 182
894 277
895 72
896 59
897 272
898 141
899 164
900 155
901 50
902 73
903 192
904 259
905 85
906 8
907 74
908 175
909 157
910 115
911 222
912 127
913 53
914 276
915 314
916 75
917 143
918 68
919 203
920 13
921 267
922 99
923 191
924 231
925 227
926 12
927 138
928 36
929 104
930 325
931 306
932 268
933 204
934 166
935 285
936 278
937 200
938 149
939 162
940 247
941 119
942 169
943 280
944 88
945 320
946 163
947 264
948 183
949 2
950 48
951 288
952 146
953 316
954 153
955 100
956 309
957 260
958 300
959 188
960 301
961 67
962 193
963 298
964 63
965 194
966 189
967 23
968 190
969 322
970 105
971 245
972 7
973 142
974 137
975 160
976 107
977 161
978 113
979 303
980 120
981 198
982 70
983 17
984 32
985 80
986 174
987 5
988 78
989 90
990 296
991 25
992 330
993 246
994 18
995 255
996 201
997 139
998 1
999 1
