600 65 179700 0.4000000059604645 273 207
0 1
1 18
2 6
3 13
4 15
5 6
6 62
7 10
8 2
9 10
10 11
11 49
12 43
13 36
14 37
15 6
16 6
17 23
18 48
19 17
20 28
21 9
22 15
23 59
24 58
25 39
26 46
27 31
28 6
29 49
30 2
31 14
32 32
33 48
34 53
35 13
36 5
37 7
38 19
39 24
40 64
41 14
42 51
43 33
44 18
45 64
46 14
47 12
48 26
49 30
50 63
51 32
52 17
53 42
54 36
55 20
56 36
57 3
58 1
59 11
60 26
61 56
62 27
63 1
64 49
65 33
66 60
67 35
68 14
69 18
70 9
71 15
72 7
73 31
74 29
75 45
76 41
77 51
78 1
79 55
80 23
81 12
82 19
83 19
84 1
85 44
86 10
87 5
88 35
89 14
90 37
91 49
92 42
93 43
94 45
95 17
96 3
97 23
98 7
99 65
100 19
101 56
102 35
103 8
104 44
105 11
106 63
107 63
108 38
109 29
110 48
111 20
112 45
113 8
114 37
115 6
116 2
117 35
118 9
119 22
120 63
121 54
122 60
123 50
124 12
125 40
126 12
127 15
128 34
129 36
130 34
131 16
132 51
133 61
134 11
135 30
136 43
137 14
138 43
139 10
140 28
141 52
142 25
143 41
144 48
145 29
146 54
147 27
148 22
149 12
150 27
151 5
152 31
153 36
154 1
155 5
156 28
157 29
158 17
159 29
160 7
161 17
162 55
163 44
164 20
165 4
166 40
167 35
168 62
169 18
170 5
171 19
172 40
173 22
174 29
175 30
176 28
177 20
178 25
179 14
180 17
181 5
182 56
183 29
184 57
185 34
186 5
187 21
188 20
189 10
190 22
191 43
192 12
193 24
194 9
195 26
196 20
197 23
198 58
199 59
200 52
201 5
202 2
203 47
204 13
205 41
206 30
207 24
208 50
209 28
210 9
211 24
212 9
213 10
214 15
215 5
216 3
217 38
218 54
219 33
220 11
221 9
222 17
223 32
224 31
225 30
226 1
227 1
228 22
229 28
230 5
231 58
232 26
233 4
234 3
235 46
236 24
237 11
238 10
239 46
240 45
241 37
242 25
243 41
244 25
245 34
246 53
247 50
248 4
249 43
250 40
251 10
252 47
253 42
254 20
255 11
256 6
257 8
258 18
259 11
260 57
261 39
262 51
263 32
264 52
265 35
266 61
267 31
268 2
269 38
270 46
271 46
272 5
273 3
274 37
275 22
276 12
277 42
278 3
279 40
280 41
281 53
282 40
283 45
284 16
285 25
286 16
287 61
288 24
289 35
290 6
291 12
292 31
293 9
294 60
295 6
296 24
297 2
298 17
299 18
300 7
301 45
302 33
303 40
304 43
305 31
306 2
307 32
308 56
309 27
310 27
311 39
312 11
313 47
314 24
315 6
316 21
317 58
318 23
319 16
320 10
321 55
322 59
323 49
324 56
325 2
326 25
327 18
328 44
329 8
330 49
331 28
332 41
333 7
334 8
335 32
336 13
337 40
338 13
339 49
340 45
341 22
342 19
343 15
344 46
345 61
346 55
347 31
348 38
349 52
350 26
351 19
352 3
353 63
354 27
355 47
356 57
357 31
358 28
359 10
360 44
361 38
362 19
363 16
364 50
365 44
366 48
367 41
368 35
369 33
370 2
371 29
372 16
373 47
374 1
375 38
376 53
377 39
378 12
379 50
380 26
381 19
382 27
383 26
384 62
385 4
386 23
387 21
388 54
389 46
390 54
391 19
392 22
393 8
394 41
395 59
396 11
397 40
398 60
399 16
400 48
401 21
402 27
403 45
404 47
405 3
406 33
407 32
408 4
409 28
410 58
411 5
412 29
413 9
414 8
415 50
416 24
417 37
418 8
419 15
420 47
421 46
422 34
423 23
424 59
425 5
426 16
427 25
428 24
429 18
430 23
431 13
432 13
433 22
434 17
435 4
436 2
437 39
438 3
439 43
440 46
441 29
442 60
443 15
444 39
445 20
446 34
447 31
448 51
449 62
450 14
451 28
452 8
453 30
454 42
455 14
456 18
457 37
458 25
459 43
460 41
461 14
462 7
463 57
464 22
465 7
466 9
467 53
468 21
469 46
470 51
471 23
472 14
473 34
474 30
475 11
476 4
477 13
478 27
479 16
480 17
481 38
482 1
483 30
484 50
485 15
486 35
487 48
488 13
489 34
490 7
491 37
492 37
493 61
494 43
495 25
496 57
497 26
498 7
499 7
500 39
501 37
502 4
503 21
504 26
505 6
506 15
507 7
508 18
509 9
510 64
511 16
512 36
513 4
514 6
515 4
516 11
517 13
518 1
519 35
520 33
521 33
522 21
523 32
524 32
525 26
526 13
527 4
528 54
529 34
530 30
531 53
532 8
533 15
534 42
535 56
536 29
537 44
538 38
539 1
540 17
541 48
542 16
543 24
544 20
545 52
546 12
547 32
548 7
549 25
550 23
551 20
552 2
553 42
554 10
555 13
556 21
557 34
558 4
559 10
560 3
561 22
562 33
563 33
564 47
565 25
566 30
567 21
568 42
569 36
570 36
571 36
572 14
573 13
574 19
575 51
576 7
577 8
578 42
579 65
580 3
581 21
582 18
583 27
584 21
585 17
586 62
587 47
588 43
589 6
590 2
591 20
592 3
593 10
594 27
595 45
596 23
597 9
598 4
599 39
